[INFO] Scanning for projects...
[INFO]
[INFO] ---------------< pt.ulusofona.aed.a2024:aed-projeto-p2 >----------------
[INFO] Building aed-projeto-p2 1.0-SNAPSHOT
[INFO]   from pom_updated.xml
[INFO] --------------------------------[ jar ]---------------------------------
[INFO]
[INFO] --- maven-clean-plugin:2.5:clean (default-clean) @ aed-projeto-p2 ---
[INFO]
[INFO] --- maven-resources-plugin:2.6:resources (default-resources) @ aed-projeto-p2 ---
[WARNING] Using platform encoding (UTF-8 actually) to copy filtered resources, i.e. build is platform dependent!
[INFO] skip non existing resourceDirectory /srv/drop-project/mavenized-projects/aed-2324-projeto-p2/21-24/1716326918969-AUTHORS-mavenized/src/main/resources
[INFO]
[INFO] --- maven-compiler-plugin:3.1:compile (default-compile) @ aed-projeto-p2 ---
[INFO] Changes detected - recompiling the module!
[WARNING] File encoding has not been set, using platform encoding UTF-8, i.e. build is platform dependent!
[INFO] Compiling 7 source files to /srv/drop-project/mavenized-projects/aed-2324-projeto-p2/21-24/1716326918969-AUTHORS-mavenized/target/classes
[INFO]
[INFO] --- maven-resources-plugin:2.6:resources (default-resources) @ aed-projeto-p2 ---
[WARNING] Using platform encoding (UTF-8 actually) to copy filtered resources, i.e. build is platform dependent!
[INFO] skip non existing resourceDirectory /srv/drop-project/mavenized-projects/aed-2324-projeto-p2/21-24/1716326918969-AUTHORS-mavenized/src/main/resources
[INFO]
[INFO] --- maven-compiler-plugin:3.1:compile (default-compile) @ aed-projeto-p2 ---
[INFO] Nothing to compile - all classes are up to date
[INFO]
[INFO] --- maven-checkstyle-plugin:3.1.2:check (validate) @ aed-projeto-p2 ---
[INFO] Starting audit...
Audit done.
[INFO] You have 0 Checkstyle violations.
[INFO]
[INFO] --- maven-resources-plugin:2.6:testResources (default-testResources) @ aed-projeto-p2 ---
[WARNING] Using platform encoding (UTF-8 actually) to copy filtered resources, i.e. build is platform dependent!
[INFO] Copying 1 resource
[INFO]
[INFO] --- maven-compiler-plugin:3.1:testCompile (default-testCompile) @ aed-projeto-p2 ---
[INFO] Changes detected - recompiling the module!
[WARNING] File encoding has not been set, using platform encoding UTF-8, i.e. build is platform dependent!
[INFO] Compiling 8 source files to /srv/drop-project/mavenized-projects/aed-2324-projeto-p2/21-24/1716326918969-AUTHORS-mavenized/target/test-classes
[INFO]
[INFO] --- maven-surefire-plugin:2.22.0:test (default-test) @ aed-projeto-p2 ---
[INFO]
[INFO] -------------------------------------------------------
[INFO]  T E S T S
[INFO] -------------------------------------------------------
[INFO] Running pt.ulusofona.aed.deisiworldmeter.TestTeacherP1SmallFiles
[INFO] Tests run: 5, Failures: 0, Errors: 0, Skipped: 0, Time elapsed: 0.41 s - in pt.ulusofona.aed.deisiworldmeter.TestTeacherP1SmallFiles
[INFO] Running pt.ulusofona.aed.deisiworldmeter.TestTeacherHiddenP1
Erro: O ficheiro paises.csv não existe ou não é um ficheiro válido.
[INFO] Tests run: 4, Failures: 0, Errors: 0, Skipped: 0, Time elapsed: 0.051 s - in pt.ulusofona.aed.deisiworldmeter.TestTeacherHiddenP1
[INFO] Running pt.ulusofona.aed.deisiworldmeter.TestTeacherP2SmallFiles
[ERROR] Tests run: 21, Failures: 1, Errors: 0, Skipped: 0, Time elapsed: 0.298 s <<< FAILURE! - in pt.ulusofona.aed.deisiworldmeter.TestTeacherP2SmallFiles
[ERROR] getCitiesAtDistance2  Time elapsed: 0.021 s  <<< FAILURE!
org.opentest4j.AssertionFailedError:
GET_CITIES_AT_DISTANCE2 100 Lalaland ==> expected: <Land of darkness->galaxy far away
> but was: <galaxy far away->Land of darkness
>
	at org.junit.jupiter.api.AssertionFailureBuilder.build(AssertionFailureBuilder.java:151)
	at org.junit.jupiter.api.AssertionFailureBuilder.buildAndThrow(AssertionFailureBuilder.java:132)
	at org.junit.jupiter.api.AssertEquals.failNotEqual(AssertEquals.java:197)
	at org.junit.jupiter.api.AssertEquals.assertEquals(AssertEquals.java:182)
	at org.junit.jupiter.api.Assertions.assertEquals(Assertions.java:1153)
	at pt.ulusofona.aed.deisiworldmeter.ProjectEvaluation.assertResult(ProjectEvaluation.java:56)
	at pt.ulusofona.aed.deisiworldmeter.TestTeacherP2SmallFiles.getCitiesAtDistance2(TestTeacherP2SmallFiles.java:1176)
	at java.base/jdk.internal.reflect.NativeMethodAccessorImpl.invoke0(Native Method)
	at java.base/jdk.internal.reflect.NativeMethodAccessorImpl.invoke(NativeMethodAccessorImpl.java:77)
	at java.base/jdk.internal.reflect.DelegatingMethodAccessorImpl.invoke(DelegatingMethodAccessorImpl.java:43)
	at java.base/java.lang.reflect.Method.invoke(Method.java:568)
	at org.junit.platform.commons.util.ReflectionUtils.invokeMethod(ReflectionUtils.java:727)
	at org.junit.jupiter.engine.execution.MethodInvocation.proceed(MethodInvocation.java:60)
	at org.junit.jupiter.engine.execution.InvocationInterceptorChain$ValidatingInvocation.proceed(InvocationInterceptorChain.java:131)
	at org.junit.jupiter.engine.extension.SameThreadTimeoutInvocation.proceed(SameThreadTimeoutInvocation.java:45)
	at org.junit.jupiter.engine.extension.TimeoutExtension.intercept(TimeoutExtension.java:156)
	at org.junit.jupiter.engine.extension.TimeoutExtension.interceptTestableMethod(TimeoutExtension.java:147)
	at org.junit.jupiter.engine.extension.TimeoutExtension.interceptTestMethod(TimeoutExtension.java:86)
	at org.junit.jupiter.engine.execution.InterceptingExecutableInvoker$ReflectiveInterceptorCall.lambda$ofVoidMethod$0(InterceptingExecutableInvoker.java:103)
	at org.junit.jupiter.engine.execution.InterceptingExecutableInvoker.lambda$invoke$0(InterceptingExecutableInvoker.java:93)
	at org.junit.jupiter.engine.execution.InvocationInterceptorChain$InterceptedInvocation.proceed(InvocationInterceptorChain.java:106)
	at org.junit.jupiter.engine.execution.InvocationInterceptorChain.proceed(InvocationInterceptorChain.java:64)
	at org.junit.jupiter.engine.execution.InvocationInterceptorChain.chainAndInvoke(InvocationInterceptorChain.java:45)
	at org.junit.jupiter.engine.execution.InvocationInterceptorChain.invoke(InvocationInterceptorChain.java:37)
	at org.junit.jupiter.engine.execution.InterceptingExecutableInvoker.invoke(InterceptingExecutableInvoker.java:92)
	at org.junit.jupiter.engine.execution.InterceptingExecutableInvoker.invoke(InterceptingExecutableInvoker.java:86)
	at org.junit.jupiter.engine.descriptor.TestMethodTestDescriptor.lambda$invokeTestMethod$7(TestMethodTestDescriptor.java:217)
	at org.junit.platform.engine.support.hierarchical.ThrowableCollector.execute(ThrowableCollector.java:73)
	at org.junit.jupiter.engine.descriptor.TestMethodTestDescriptor.invokeTestMethod(TestMethodTestDescriptor.java:213)
	at org.junit.jupiter.engine.descriptor.TestMethodTestDescriptor.execute(TestMethodTestDescriptor.java:138)
	at org.junit.jupiter.engine.descriptor.TestMethodTestDescriptor.execute(TestMethodTestDescriptor.java:68)
	at org.junit.platform.engine.support.hierarchical.NodeTestTask.lambda$executeRecursively$6(NodeTestTask.java:151)
	at org.junit.platform.engine.support.hierarchical.ThrowableCollector.execute(ThrowableCollector.java:73)
	at org.junit.platform.engine.support.hierarchical.NodeTestTask.lambda$executeRecursively$8(NodeTestTask.java:141)
	at org.junit.platform.engine.support.hierarchical.Node.around(Node.java:137)
	at org.junit.platform.engine.support.hierarchical.NodeTestTask.lambda$executeRecursively$9(NodeTestTask.java:139)
	at org.junit.platform.engine.support.hierarchical.ThrowableCollector.execute(ThrowableCollector.java:73)
	at org.junit.platform.engine.support.hierarchical.NodeTestTask.executeRecursively(NodeTestTask.java:138)
	at org.junit.platform.engine.support.hierarchical.NodeTestTask.execute(NodeTestTask.java:95)
	at java.base/java.util.ArrayList.forEach(ArrayList.java:1511)
	at org.junit.platform.engine.support.hierarchical.SameThreadHierarchicalTestExecutorService.invokeAll(SameThreadHierarchicalTestExecutorService.java:41)
	at org.junit.platform.engine.support.hierarchical.NodeTestTask.lambda$executeRecursively$6(NodeTestTask.java:155)
	at org.junit.platform.engine.support.hierarchical.ThrowableCollector.execute(ThrowableCollector.java:73)
	at org.junit.platform.engine.support.hierarchical.NodeTestTask.lambda$executeRecursively$8(NodeTestTask.java:141)
	at org.junit.platform.engine.support.hierarchical.Node.around(Node.java:137)
	at org.junit.platform.engine.support.hierarchical.NodeTestTask.lambda$executeRecursively$9(NodeTestTask.java:139)
	at org.junit.platform.engine.support.hierarchical.ThrowableCollector.execute(ThrowableCollector.java:73)
	at org.junit.platform.engine.support.hierarchical.NodeTestTask.executeRecursively(NodeTestTask.java:138)
	at org.junit.platform.engine.support.hierarchical.NodeTestTask.execute(NodeTestTask.java:95)
	at java.base/java.util.ArrayList.forEach(ArrayList.java:1511)
	at org.junit.platform.engine.support.hierarchical.SameThreadHierarchicalTestExecutorService.invokeAll(SameThreadHierarchicalTestExecutorService.java:41)
	at org.junit.platform.engine.support.hierarchical.NodeTestTask.lambda$executeRecursively$6(NodeTestTask.java:155)
	at org.junit.platform.engine.support.hierarchical.ThrowableCollector.execute(ThrowableCollector.java:73)
	at org.junit.platform.engine.support.hierarchical.NodeTestTask.lambda$executeRecursively$8(NodeTestTask.java:141)
	at org.junit.platform.engine.support.hierarchical.Node.around(Node.java:137)
	at org.junit.platform.engine.support.hierarchical.NodeTestTask.lambda$executeRecursively$9(NodeTestTask.java:139)
	at org.junit.platform.engine.support.hierarchical.ThrowableCollector.execute(ThrowableCollector.java:73)
	at org.junit.platform.engine.support.hierarchical.NodeTestTask.executeRecursively(NodeTestTask.java:138)
	at org.junit.platform.engine.support.hierarchical.NodeTestTask.execute(NodeTestTask.java:95)
	at org.junit.platform.engine.support.hierarchical.SameThreadHierarchicalTestExecutorService.submit(SameThreadHierarchicalTestExecutorService.java:35)
	at org.junit.platform.engine.support.hierarchical.HierarchicalTestExecutor.execute(HierarchicalTestExecutor.java:57)
	at org.junit.platform.engine.support.hierarchical.HierarchicalTestEngine.execute(HierarchicalTestEngine.java:54)
	at org.junit.platform.launcher.core.DefaultLauncher.execute(DefaultLauncher.java:170)
	at org.junit.platform.launcher.core.DefaultLauncher.execute(DefaultLauncher.java:154)
	at org.junit.platform.launcher.core.DefaultLauncher.execute(DefaultLauncher.java:90)
	at org.apache.maven.surefire.junitplatform.JUnitPlatformProvider.invokeAllTests(JUnitPlatformProvider.java:142)
	at org.apache.maven.surefire.junitplatform.JUnitPlatformProvider.invoke(JUnitPlatformProvider.java:117)
	at org.apache.maven.surefire.booter.ForkedBooter.invokeProviderInSameClassLoader(ForkedBooter.java:383)
	at org.apache.maven.surefire.booter.ForkedBooter.runSuitesInProcess(ForkedBooter.java:344)
	at org.apache.maven.surefire.booter.ForkedBooter.execute(ForkedBooter.java:125)
	at org.apache.maven.surefire.booter.ForkedBooter.main(ForkedBooter.java:417)

[INFO] Running pt.ulusofona.aed.deisiworldmeter.TestTeacherHiddenP2
[INFO] Tests run: 5, Failures: 0, Errors: 0, Skipped: 0, Time elapsed: 0.044 s - in pt.ulusofona.aed.deisiworldmeter.TestTeacherHiddenP2
[INFO] Running pt.ulusofona.aed.deisiworldmeter.TestTeacherP1LargeFiles
[INFO] Tests run: 4, Failures: 0, Errors: 0, Skipped: 0, Time elapsed: 1.736 s - in pt.ulusofona.aed.deisiworldmeter.TestTeacherP1LargeFiles
[INFO] Running pt.ulusofona.aed.deisiworldmeter.TestTeacherP2LargeFiles
[INFO]
[INFO] Results:
[INFO]
[ERROR] Failures:
[ERROR]   TestTeacherP2SmallFiles.getCitiesAtDistance2:1176->ProjectEvaluation.assertResult:56 GET_CITIES_AT_DISTANCE2 100 Lalaland ==> expected: <Land of darkness->galaxy far away
> but was: <galaxy far away->Land of darkness
>
[INFO]
[ERROR] Tests run: 39, Failures: 1, Errors: 0, Skipped: 0
[INFO]
[INFO] ------------------------------------------------------------------------
[INFO] BUILD FAILURE
[INFO] ------------------------------------------------------------------------
[INFO] Total time:  46.561 s
[INFO] Finished at: 2024-05-21T22:29:37+01:00
[INFO] ------------------------------------------------------------------------
[ERROR] Failed to execute goal org.apache.maven.plugins:maven-surefire-plugin:2.22.0:test (default-test) on project aed-projeto-p2: There are test failures.
[ERROR]
[ERROR] Please refer to /srv/drop-project/mavenized-projects/aed-2324-projeto-p2/21-24/1716326918969-AUTHORS-mavenized/target/surefire-reports for the individual test results.
[ERROR] Please refer to dump files (if any exist) [date]-jvmRun[N].dump, [date].dumpstream and [date]-jvmRun[N].dumpstream.
[ERROR] There was an error in the forked process
[ERROR] Java heap space
[ERROR] org.apache.maven.surefire.booter.SurefireBooterForkException: There was an error in the forked process
[ERROR] Java heap space
[ERROR] 	at org.apache.maven.plugin.surefire.booterclient.ForkStarter.fork(ForkStarter.java:658)
[ERROR] 	at org.apache.maven.plugin.surefire.booterclient.ForkStarter.fork(ForkStarter.java:533)
[ERROR] 	at org.apache.maven.plugin.surefire.booterclient.ForkStarter.run(ForkStarter.java:278)
[ERROR] 	at org.apache.maven.plugin.surefire.booterclient.ForkStarter.run(ForkStarter.java:244)
[ERROR] 	at org.apache.maven.plugin.surefire.AbstractSurefireMojo.executeProvider(AbstractSurefireMojo.java:1194)
[ERROR] 	at org.apache.maven.plugin.surefire.AbstractSurefireMojo.executeAfterPreconditionsChecked(AbstractSurefireMojo.java:1022)
[ERROR] 	at org.apache.maven.plugin.surefire.AbstractSurefireMojo.execute(AbstractSurefireMojo.java:868)
[ERROR] 	at org.apache.maven.plugin.DefaultBuildPluginManager.executeMojo(DefaultBuildPluginManager.java:137)
[ERROR] 	at org.apache.maven.lifecycle.internal.MojoExecutor.doExecute2(MojoExecutor.java:370)
[ERROR] 	at org.apache.maven.lifecycle.internal.MojoExecutor.doExecute(MojoExecutor.java:351)
[ERROR] 	at org.apache.maven.lifecycle.internal.MojoExecutor.execute(MojoExecutor.java:215)
[ERROR] 	at org.apache.maven.lifecycle.internal.MojoExecutor.execute(MojoExecutor.java:171)
[ERROR] 	at org.apache.maven.lifecycle.internal.MojoExecutor.execute(MojoExecutor.java:163)
[ERROR] 	at org.apache.maven.lifecycle.internal.LifecycleModuleBuilder.buildProject(LifecycleModuleBuilder.java:117)
[ERROR] 	at org.apache.maven.lifecycle.internal.LifecycleModuleBuilder.buildProject(LifecycleModuleBuilder.java:81)
[ERROR] 	at org.apache.maven.lifecycle.internal.builder.singlethreaded.SingleThreadedBuilder.build(SingleThreadedBuilder.java:56)
[ERROR] 	at org.apache.maven.lifecycle.internal.LifecycleStarter.execute(LifecycleStarter.java:128)
[ERROR] 	at org.apache.maven.DefaultMaven.doExecute(DefaultMaven.java:299)
[ERROR] 	at org.apache.maven.DefaultMaven.doExecute(DefaultMaven.java:193)
[ERROR] 	at org.apache.maven.DefaultMaven.execute(DefaultMaven.java:106)
[ERROR] 	at org.apache.maven.cli.MavenCli.execute(MavenCli.java:963)
[ERROR] 	at org.apache.maven.cli.MavenCli.doMain(MavenCli.java:296)
[ERROR] 	at org.apache.maven.cli.MavenCli.main(MavenCli.java:199)
[ERROR] 	at java.base/jdk.internal.reflect.NativeMethodAccessorImpl.invoke0(Native Method)
[ERROR] 	at java.base/jdk.internal.reflect.NativeMethodAccessorImpl.invoke(NativeMethodAccessorImpl.java:77)
[ERROR] 	at java.base/jdk.internal.reflect.DelegatingMethodAccessorImpl.invoke(DelegatingMethodAccessorImpl.java:43)
[ERROR] 	at java.base/java.lang.reflect.Method.invoke(Method.java:568)
[ERROR] 	at org.codehaus.plexus.classworlds.launcher.Launcher.launchEnhanced(Launcher.java:282)
[ERROR] 	at org.codehaus.plexus.classworlds.launcher.Launcher.launch(Launcher.java:225)
[ERROR] 	at org.codehaus.plexus.classworlds.launcher.Launcher.mainWithExitCode(Launcher.java:406)
[ERROR] 	at org.codehaus.plexus.classworlds.launcher.Launcher.main(Launcher.java:347)
[ERROR] -> [Help 1]
[ERROR]
[ERROR] To see the full stack trace of the errors, re-run Maven with the -e switch.
[ERROR] Re-run Maven using the -X switch to enable full debug logging.
[ERROR]
[ERROR] For more information about the errors and possible solutions, please read the following articles:
[ERROR] [Help 1] http://cwiki.apache.org/confluence/display/MAVEN/MojoExecutionException